DEBUG:root:This is a Debug Message
INFO:root:This is  a info msg
WARNING:root:This is a woarning message
ERROR:root:This is a Error Message
CRITICAL:root:This is a Critical msg

2025-12-15 14:58:07,042 - my_logger - DEBUG - This is a debug message
2025-12-15 14:58:07,042 - my_logger - DEBUG - This is a debug message
2025-12-15 14:58:07,042 - my_logger - DEBUG - This is a debug message
DEBUG:my_logger:This is a debug message
2025-12-15 14:58:07,045 - my_logger - INFO - This is an info message
2025-12-15 14:58:07,045 - my_logger - INFO - This is an info message
2025-12-15 14:58:07,045 - my_logger - INFO - This is an info message
INFO:my_logger:This is an info message
2025-12-15 14:58:07,047 - my_logger - WARNING - This is a warning message
2025-12-15 14:58:07,047 - my_logger - WARNING - This is a warning message
2025-12-15 14:58:07,047 - my_logger - WARNING - This is a warning message
WARNING:my_logger:This is a warning message
2025-12-15 14:58:07,050 - my_logger - ERROR - This is an error message
2025-12-15 14:58:07,050 - my_logger - ERROR - This is an error message
2025-12-15 14:58:07,050 - my_logger - ERROR - This is an error message
ERROR:my_logger:This is an error message
2025-12-15 14:58:07,051 - my_logger - CRITICAL - This is a critical message
2025-12-15 14:58:07,051 - my_logger - CRITICAL - This is a critical message
2025-12-15 14:58:07,051 - my_logger - CRITICAL - This is a critical message
CRITICAL:my_logger:This is a critical message
DEBUG:Custom_logger:This is a Debug Message
INFO:Custom_logger:This is a info message
WARNING:Custom_logger:This is a warning message
ERROR:Custom_logger:This is an error message
CRITICAL:Custom_logger:This is a critical message
DEBUG:custom_logger:This is a debug message
INFO:custom_logger:This is an info message
WARNING:custom_logger:This is a warning message
ERROR:custom_logger:This is an error message
CRITICAL:custom_logger:This is a critical message
DEBUG:Custom_logger:This is a Debug Message
INFO:Custom_logger:This is a info message
WARNING:Custom_logger:This is a warning message
ERROR:Custom_logger:This is an error message
CRITICAL:Custom_logger:This is a critical message
DEBUG:custom_logger:This is a debug message
INFO:custom_logger:This is an info message
WARNING:custom_logger:This is a warning message
ERROR:custom_logger:This is an error message
CRITICAL:custom_logger:This is a critical message
